  OpenGLProjectTemplate.cpp
D:\College\computer32\Graphics\Labs\Lab 3\Lab 3\OpenGLProjectTemplate.cpp(23,45): warning C4091: 'static ': ignored on left of 'choice' when no variable is declared
D:\College\computer32\Graphics\Labs\Lab 3\Lab 3\OpenGLProjectTemplate.cpp(28,47): warning C4091: 'static ': ignored on left of 'drawType' when no variable is declared
D:\College\computer32\Graphics\Labs\Lab 3\Lab 3\OpenGLProjectTemplate.cpp(31,14): warning C4244: 'initializing': conversion from 'double' to 'int', possible loss of data
D:\College\computer32\Graphics\Labs\Lab 3\Lab 3\OpenGLProjectTemplate.cpp(89,49): warning C4244: 'argument': conversion from 'double' to 'GLfloat', possible loss of data
D:\College\computer32\Graphics\Labs\Lab 3\Lab 3\OpenGLProjectTemplate.cpp(88,9): warning C4244: 'argument': conversion from 'double' to 'GLfloat', possible loss of data
D:\College\computer32\Graphics\Labs\Lab 3\Lab 3\OpenGLProjectTemplate.cpp(87,58): warning C4244: 'argument': conversion from 'double' to 'GLfloat', possible loss of data
D:\College\computer32\Graphics\Labs\Lab 3\Lab 3\OpenGLProjectTemplate.cpp(93,43): warning C4244: 'argument': conversion from 'double' to 'GLfloat', possible loss of data
D:\College\computer32\Graphics\Labs\Lab 3\Lab 3\OpenGLProjectTemplate.cpp(92,9): warning C4244: 'argument': conversion from 'double' to 'GLfloat', possible loss of data
D:\College\computer32\Graphics\Labs\Lab 3\Lab 3\OpenGLProjectTemplate.cpp(91,52): warning C4244: 'argument': conversion from 'double' to 'GLfloat', possible loss of data
D:\College\computer32\Graphics\Labs\Lab 3\Lab 3\OpenGLProjectTemplate.cpp(104,49): warning C4244: 'argument': conversion from 'double' to 'GLfloat', possible loss of data
D:\College\computer32\Graphics\Labs\Lab 3\Lab 3\OpenGLProjectTemplate.cpp(103,10): warning C4244: 'argument': conversion from 'double' to 'GLfloat', possible loss of data
D:\College\computer32\Graphics\Labs\Lab 3\Lab 3\OpenGLProjectTemplate.cpp(102,58): warning C4244: 'argument': conversion from 'double' to 'GLfloat', possible loss of data
D:\College\computer32\Graphics\Labs\Lab 3\Lab 3\OpenGLProjectTemplate.cpp(108,43): warning C4244: 'argument': conversion from 'double' to 'GLfloat', possible loss of data
D:\College\computer32\Graphics\Labs\Lab 3\Lab 3\OpenGLProjectTemplate.cpp(107,10): warning C4244: 'argument': conversion from 'double' to 'GLfloat', possible loss of data
D:\College\computer32\Graphics\Labs\Lab 3\Lab 3\OpenGLProjectTemplate.cpp(106,52): warning C4244: 'argument': conversion from 'double' to 'GLfloat', possible loss of data
D:\College\computer32\Graphics\Labs\Lab 3\Lab 3\OpenGLProjectTemplate.cpp(118,4): warning C4305: 'initializing': truncation from 'double' to 'float'
D:\College\computer32\Graphics\Labs\Lab 3\Lab 3\OpenGLProjectTemplate.cpp(118,58): warning C4244: '+=': conversion from 'double' to 'float', possible loss of data
D:\College\computer32\Graphics\Labs\Lab 3\Lab 3\OpenGLProjectTemplate.cpp(120,56): warning C4244: 'argument': conversion from 'double' to 'GLfloat', possible loss of data
D:\College\computer32\Graphics\Labs\Lab 3\Lab 3\OpenGLProjectTemplate.cpp(146,21): warning C4244: '=': conversion from 'int' to 'float', possible loss of data
D:\College\computer32\Graphics\Labs\Lab 3\Lab 3\OpenGLProjectTemplate.cpp(154,21): warning C4244: '=': conversion from 'int' to 'float', possible loss of data
  Lab 3.vcxproj -> D:\College\computer32\Graphics\Labs\Lab 3\Lab 3\Debug\Lab 3.exe
